<?xml version="1.0" encoding="UTF-8"?>
<!-- Generated by org.testng.reporters.JUnitXMLReporter -->
<testsuite ignored="0" hostname="DESKTOP-LHIKNTO" failures="0" tests="3" name="Test" time="21.096" errors="0" timestamp="2024-06-06T22:05:44 CDT">
  <testcase classname="testPackage.Register" name="registerWithAllFields" time="2.266"/>
  <testcase classname="testPackage.Login" name="loginWithValidCredentials" time="1.247"/>
  <testcase classname="testPackage.Login" name="loginWithInvalidCredentials" time="0.933"/>
</testsuite> <!-- Test -->
