<?xml version="1.0" encoding="UTF-8"?>
<testng-results ignored="0" total="3" passed="3" failed="0" skipped="0">
  <reporter-output>
  </reporter-output>
  <suite started-at="2024-06-06T22:05:22 CDT" name="Suite" finished-at="2024-06-06T22:05:44 CDT" duration-ms="21096">
    <groups>
    </groups>
    <test started-at="2024-06-06T22:05:22 CDT" name="Test" finished-at="2024-06-06T22:05:44 CDT" duration-ms="21096">
      <class name="testPackage.Register">
        <test-method is-config="true" signature="setup()[pri:0, instance:testPackage.Register@293a5bf6]" started-at="2024-06-06T22:05:23 CDT" name="setup" finished-at="2024-06-06T22:05:29 CDT" duration-ms="6210" status="PASS">
          <reporter-output>
          </reporter-output>
        </test-method> <!-- setup -->
        <test-method signature="registerWithAllFields()[pri:0, instance:testPackage.Register@293a5bf6]" started-at="2024-06-06T22:05:29 CDT" name="registerWithAllFields" finished-at="2024-06-06T22:05:31 CDT" duration-ms="2266" status="PASS">
          <reporter-output>
          </reporter-output>
        </test-method> <!-- registerWithAllFields -->
        <test-method is-config="true" signature="tearDown()[pri:0, instance:testPackage.Register@293a5bf6]" started-at="2024-06-06T22:05:31 CDT" name="tearDown" finished-at="2024-06-06T22:05:31 CDT" duration-ms="402" status="PASS">
          <reporter-output>
          </reporter-output>
        </test-method> <!-- tearDown -->
      </class> <!-- testPackage.Register -->
      <class name="testPackage.Login">
        <test-method is-config="true" signature="setup()[pri:0, instance:testPackage.Login@5e0e82ae]" started-at="2024-06-06T22:05:31 CDT" name="setup" finished-at="2024-06-06T22:05:36 CDT" duration-ms="4695" status="PASS">
          <reporter-output>
          </reporter-output>
        </test-method> <!-- setup -->
        <test-method signature="loginWithValidCredentials()[pri:1, instance:testPackage.Login@5e0e82ae]" started-at="2024-06-06T22:05:36 CDT" name="loginWithValidCredentials" finished-at="2024-06-06T22:05:37 CDT" duration-ms="1247" status="PASS">
          <reporter-output>
          </reporter-output>
        </test-method> <!-- loginWithValidCredentials -->
        <test-method is-config="true" signature="tearDown()[pri:0, instance:testPackage.Login@5e0e82ae]" started-at="2024-06-06T22:05:37 CDT" name="tearDown" finished-at="2024-06-06T22:05:38 CDT" duration-ms="295" status="PASS">
          <reporter-output>
          </reporter-output>
        </test-method> <!-- tearDown -->
        <test-method is-config="true" signature="setup()[pri:0, instance:testPackage.Login@5e0e82ae]" started-at="2024-06-06T22:05:38 CDT" name="setup" finished-at="2024-06-06T22:05:42 CDT" duration-ms="4681" status="PASS">
          <reporter-output>
          </reporter-output>
        </test-method> <!-- setup -->
        <test-method signature="loginWithInvalidCredentials()[pri:2, instance:testPackage.Login@5e0e82ae]" started-at="2024-06-06T22:05:42 CDT" name="loginWithInvalidCredentials" finished-at="2024-06-06T22:05:43 CDT" duration-ms="933" status="PASS">
          <reporter-output>
          </reporter-output>
        </test-method> <!-- loginWithInvalidCredentials -->
        <test-method is-config="true" signature="tearDown()[pri:0, instance:testPackage.Login@5e0e82ae]" started-at="2024-06-06T22:05:43 CDT" name="tearDown" finished-at="2024-06-06T22:05:44 CDT" duration-ms="282" status="PASS">
          <reporter-output>
          </reporter-output>
        </test-method> <!-- tearDown -->
      </class> <!-- testPackage.Login -->
    </test> <!-- Test -->
  </suite> <!-- Suite -->
</testng-results>
